TN:
SF:d:\SOFTUNI\Repositories\JS Core\JS Advanced\01. Advanced Functions\Exercise\1. Sort Array.js
FN:1,sortArray
FN:2,(anonymous_1)
FN:5,(anonymous_2)
FNF:3
FNH:0
FNDA:0,sortArray
FNDA:0,(anonymous_1)
FNDA:0,(anonymous_2)
DA:2,0
DA:3,0
DA:5,0
DA:6,0
DA:9,0
DA:14,0
DA:17,0
LF:7
LH:0
BRF:0
BRH:0
end_of_record
TN:
SF:d:\SOFTUNI\Repositories\JS Core\JS Advanced\01. Advanced Functions\Exercise\2. Argument Info.js
FN:1,solve
FN:21,comparator
FN:33,(anonymous_2)
FNF:3
FNH:0
FNDA:0,solve
FNDA:0,comparator
FNDA:0,(anonymous_2)
DA:2,0
DA:4,0
DA:5,0
DA:6,0
DA:7,0
DA:9,0
DA:10,0
DA:12,0
DA:16,0
DA:17,0
DA:18,0
DA:22,0
DA:23,0
DA:24,0
DA:27,0
DA:28,0
DA:33,0
DA:34,0
LF:18
LH:0
BRDA:9,0,0,0
BRDA:9,0,1,0
BRDA:22,1,0,0
BRDA:22,1,1,0
BRDA:23,2,0,0
BRDA:23,2,1,0
BRF:6
BRH:0
end_of_record
TN:
SF:d:\SOFTUNI\Repositories\JS Core\JS Advanced\01. Advanced Functions\Exercise\3. Functional Sum.js
FN:1,solve
FN:5,(anonymous_1)
FN:9,add
FNF:3
FNH:0
FNDA:0,solve
FNDA:0,(anonymous_1)
FNDA:0,add
DA:3,0
DA:5,0
DA:6,0
DA:10,0
DA:11,0
DA:14,0
DA:18,0
LF:7
LH:0
BRF:0
BRH:0
end_of_record
TN:
SF:d:\SOFTUNI\Repositories\JS Core\JS Advanced\01. Advanced Functions\Exercise\4. Personal BMI.js
FN:1,solve
FN:3,(anonymous_1)
FN:7,(anonymous_2)
FNF:3
FNH:0
FNDA:0,solve
FNDA:0,(anonymous_1)
FNDA:0,(anonymous_2)
DA:3,0
DA:4,0
DA:7,0
DA:8,0
DA:9,0
DA:10,0
DA:11,0
DA:12,0
DA:13,0
DA:14,0
DA:15,0
DA:19,0
DA:20,0
DA:21,0
DA:31,0
DA:32,0
DA:35,0
DA:38,0
LF:18
LH:0
BRDA:8,0,0,0
BRDA:8,0,1,0
BRDA:10,1,0,0
BRDA:10,1,1,0
BRDA:10,2,0,0
BRDA:10,2,1,0
BRDA:12,3,0,0
BRDA:12,3,1,0
BRDA:12,4,0,0
BRDA:12,4,1,0
BRDA:14,5,0,0
BRDA:14,5,1,0
BRDA:31,6,0,0
BRDA:31,6,1,0
BRF:14
BRH:0
end_of_record
TN:
SF:d:\SOFTUNI\Repositories\JS Core\JS Advanced\01. Advanced Functions\Exercise\5. Vector Math.js
FN:1,(anonymous_0)
FN:2,(anonymous_1)
FN:5,(anonymous_2)
FN:8,(anonymous_3)
FN:11,(anonymous_4)
FN:14,(anonymous_5)
FNF:6
FNH:0
FNDA:0,(anonymous_0)
FNDA:0,(anonymous_1)
FNDA:0,(anonymous_2)
FNDA:0,(anonymous_3)
FNDA:0,(anonymous_4)
FNDA:0,(anonymous_5)
DA:1,0
DA:2,0
DA:3,0
DA:5,0
DA:6,0
DA:8,0
DA:9,0
DA:11,0
DA:12,0
DA:14,0
DA:15,0
DA:18,0
DA:28,0
LF:13
LH:0
BRF:0
BRH:0
end_of_record
TN:
SF:d:\SOFTUNI\Repositories\JS Core\JS Advanced\01. Advanced Functions\Exercise\6. Breakfast Robot.js
FN:1,(anonymous_0)
FN:37,(anonymous_1)
FN:58,(anonymous_2)
FN:74,(anonymous_3)
FNF:4
FNH:0
FNDA:0,(anonymous_0)
FNDA:0,(anonymous_1)
FNDA:0,(anonymous_2)
FNDA:0,(anonymous_3)
DA:1,0
DA:3,0
DA:10,0
DA:37,0
DA:38,0
DA:40,0
DA:42,0
DA:44,0
DA:45,0
DA:50,0
DA:52,0
DA:55,0
DA:58,0
DA:59,0
DA:60,0
DA:62,0
DA:65,0
DA:66,0
DA:70,0
DA:73,0
DA:74,0
DA:81,0
DA:82,0
DA:83,0
DA:84,0
DA:85,0
DA:86,0
DA:87,0
DA:88,0
DA:89,0
LF:30
LH:0
BRDA:44,0,0,0
BRDA:44,0,1,0
BRDA:62,1,0,0
BRDA:62,1,1,0
BRDA:62,1,2,0
BRF:5
BRH:0
end_of_record
TN:
SF:d:\SOFTUNI\Repositories\JS Core\JS Advanced\01. Advanced Functions\Exercise\7. Monkey Patcher.js
FN:1,solve
FNF:1
FNH:0
FNDA:0,solve
DA:2,0
DA:3,0
DA:4,0
DA:5,0
DA:6,0
DA:7,0
DA:9,0
DA:10,0
DA:12,0
DA:14,0
DA:16,0
DA:17,0
DA:19,0
DA:21,0
DA:22,0
DA:25,0
DA:26,0
DA:28,0
DA:29,0
DA:30,0
DA:31,0
DA:33,0
DA:34,0
DA:35,0
DA:36,0
DA:38,0
DA:43,0
DA:44,0
DA:45,0
DA:46,0
DA:47,0
DA:49,0
LF:32
LH:0
BRDA:2,0,0,0
BRDA:2,0,1,0
BRDA:4,1,0,0
BRDA:4,1,1,0
BRDA:6,2,0,0
BRDA:6,2,1,0
BRDA:16,3,0,0
BRDA:16,3,1,0
BRDA:25,4,0,0
BRDA:25,4,1,0
BRDA:28,5,0,0
BRDA:28,5,1,0
BRDA:30,6,0,0
BRDA:30,6,1,0
BRDA:33,7,0,0
BRDA:33,7,1,0
BRDA:33,8,0,0
BRDA:33,8,1,0
BRDA:33,8,2,0
BRDA:35,9,0,0
BRDA:35,9,1,0
BRDA:35,10,0,0
BRDA:35,10,1,0
BRDA:35,10,2,0
BRF:24
BRH:0
end_of_record
TN:
SF:d:\SOFTUNI\Repositories\JS Core\JS Advanced\01. Advanced Functions\Exercise\8. Euclids Algorithm.js
FN:1,gtc
FNF:1
FNH:0
FNDA:0,gtc
DA:3,0
DA:4,0
DA:7,0
DA:10,0
LF:4
LH:0
BRDA:3,0,0,0
BRDA:3,0,1,0
BRF:2
BRH:0
end_of_record
TN:
SF:d:\SOFTUNI\Repositories\JS Core\JS Advanced\01. Advanced Functions\Lab\01. Aggregates.js
FN:1,solve
FN:2,(anonymous_1)
FN:3,(anonymous_2)
FN:4,(anonymous_3)
FN:5,(anonymous_4)
FN:6,(anonymous_5)
FNF:6
FNH:0
FNDA:0,solve
FNDA:0,(anonymous_1)
FNDA:0,(anonymous_2)
FNDA:0,(anonymous_3)
FNDA:0,(anonymous_4)
FNDA:0,(anonymous_5)
DA:2,0
DA:3,0
DA:4,0
DA:5,0
DA:6,0
DA:8,0
DA:11,0
LF:7
LH:0
BRF:0
BRH:0
end_of_record
TN:
SF:d:\SOFTUNI\Repositories\JS Core\JS Advanced\01. Advanced Functions\Lab\02. Currency Format.js
FN:1,currencyFormatter
FN:12,getDollarFormatter
FN:13,(anonymous_2)
FNF:3
FNH:0
FNDA:0,currencyFormatter
FNDA:0,getDollarFormatter
FNDA:0,(anonymous_2)
DA:2,0
DA:4,0
DA:6,0
DA:7,0
DA:9,0
DA:13,0
DA:14,0
DA:18,0
DA:21,0
DA:22,0
DA:23,0
LF:11
LH:0
BRDA:6,0,0,0
BRDA:6,0,1,0
BRF:2
BRH:0
end_of_record
TN:
SF:d:\SOFTUNI\Repositories\JS Core\JS Advanced\01. Advanced Functions\Lab\03. Command Processor.js
FN:1,solve
FN:2,(anonymous_1)
FN:5,(anonymous_2)
FN:6,(anonymous_3)
FN:7,(anonymous_4)
FN:8,(anonymous_5)
FNF:6
FNH:0
FNDA:0,solve
FNDA:0,(anonymous_1)
FNDA:0,(anonymous_2)
FNDA:0,(anonymous_3)
FNDA:0,(anonymous_4)
FNDA:0,(anonymous_5)
DA:2,0
DA:3,0
DA:4,0
DA:5,0
DA:6,0
DA:7,0
DA:8,0
DA:12,0
DA:13,0
DA:14,0
DA:18,0
LF:11
LH:0
BRF:0
BRH:0
end_of_record
TN:
SF:d:\SOFTUNI\Repositories\JS Core\JS Advanced\01. Advanced Functions\Lab\04. Max Element.js
FN:1,solve
FNF:1
FNH:0
FNDA:0,solve
DA:2,0
DA:5,0
LF:2
LH:0
BRF:0
BRH:0
end_of_record
TN:
SF:d:\SOFTUNI\Repositories\JS Core\JS Advanced\01. Advanced Functions\Lab\next-article.js
FN:1,getArticleGenerator
FN:3,(anonymous_1)
FNF:2
FNH:0
FNDA:0,getArticleGenerator
FNDA:0,(anonymous_1)
DA:2,0
DA:3,0
DA:4,0
DA:5,0
DA:6,0
DA:8,0
DA:10,0
DA:11,0
LF:8
LH:0
BRDA:4,0,0,0
BRDA:4,0,1,0
BRF:2
BRH:0
end_of_record
TN:
SF:d:\SOFTUNI\Repositories\JS Core\JS Advanced\02. Unit Testing\Lab\1. Sub Sum.js
FN:1,subsum
FN:24,(anonymous_1)
FNF:2
FNH:0
FNDA:0,subsum
FNDA:0,(anonymous_1)
DA:2,0
DA:3,0
DA:5,0
DA:6,0
DA:8,0
DA:9,0
DA:11,0
DA:12,0
DA:15,0
DA:16,0
DA:19,0
DA:22,0
DA:24,0
DA:28,0
LF:14
LH:0
BRDA:2,0,0,0
BRDA:2,0,1,0
BRDA:5,1,0,0
BRDA:5,1,1,0
BRDA:8,2,0,0
BRDA:8,2,1,0
BRDA:11,3,0,0
BRDA:11,3,1,0
BRDA:15,4,0,0
BRDA:15,4,1,0
BRF:10
BRH:0
end_of_record
TN:
SF:d:\SOFTUNI\Repositories\JS Core\JS Advanced\02. Unit Testing\Lab\2. Playing Cards.js
FN:1,makeCard
FN:21,(anonymous_1)
FNF:2
FNH:0
FNDA:0,makeCard
FNDA:0,(anonymous_1)
DA:2,0
DA:4,0
DA:11,0
DA:12,0
DA:14,0
DA:15,0
DA:18,0
DA:22,0
DA:26,0
DA:29,0
DA:30,0
DA:31,0
LF:12
LH:0
BRDA:11,0,0,0
BRDA:11,0,1,0
BRDA:14,1,0,0
BRDA:14,1,1,0
BRF:4
BRH:0
end_of_record
TN:
SF:d:\SOFTUNI\Repositories\JS Core\JS Advanced\02. Unit Testing\Lab\3. Deck of Cards.js
FN:1,printDeckOfCards
FN:12,makeCard
FN:17,(anonymous_2)
FNF:3
FNH:0
FNDA:0,printDeckOfCards
FNDA:0,makeCard
FNDA:0,(anonymous_2)
DA:3,0
DA:5,0
DA:14,0
DA:18,0
DA:22,0
DA:25,0
DA:26,0
DA:28,0
DA:29,0
DA:30,0
DA:31,0
DA:32,0
DA:33,0
DA:36,0
DA:37,0
DA:38,0
DA:41,0
DA:42,0
DA:44,0
DA:45,0
DA:48,0
DA:50,0
DA:54,0
DA:57,0
DA:58,0
LF:25
LH:0
BRDA:30,0,0,0
BRDA:30,0,1,0
BRDA:41,1,0,0
BRDA:41,1,1,0
BRDA:44,2,0,0
BRDA:44,2,1,0
BRF:6
BRH:0
end_of_record
TN:
SF:d:\SOFTUNI\Repositories\JS Core\JS Advanced\02. Unit Testing\Lab\4. Sum of Numbers.js
FN:1,sum
FNF:1
FNH:0
FNDA:0,sum
DA:2,0
DA:3,0
DA:4,0
DA:5,0
DA:8,0
LF:5
LH:0
BRF:0
BRH:0
end_of_record
TN:
SF:d:\SOFTUNI\Repositories\JS Core\JS Advanced\02. Unit Testing\Lab\5. Check for Symmetry.js
FNF:0
FNH:0
LF:0
LH:0
BRF:0
BRH:0
end_of_record
TN:
SF:d:\SOFTUNI\Repositories\JS Core\JS Advanced\02. Unit Testing\Lab\6. RGB to Hex.js
FNF:0
FNH:0
LF:0
LH:0
BRF:0
BRH:0
end_of_record
TN:
SF:d:\SOFTUNI\Repositories\JS Core\JS Advanced\02. Unit Testing\Lab\7. Add-Subtract.js
FNF:0
FNH:0
LF:0
LH:0
BRF:0
BRH:0
end_of_record
TN:
SF:d:\SOFTUNI\Repositories\JS Core\JS Fundamentals\01. JavaScript Syntax and Operators\Exercise\01. I Like JavaScript!.js
FN:1,solve
FNF:1
FNH:0
FNDA:0,solve
DA:2,0
DA:5,0
DA:6,0
LF:3
LH:0
BRF:0
BRH:0
end_of_record
TN:
SF:d:\SOFTUNI\Repositories\JS Core\JS Fundamentals\01. JavaScript Syntax and Operators\Exercise\02. Even Numbers 1 to N.js
FN:1,solve
FNF:1
FNH:0
FNDA:0,solve
DA:2,0
DA:3,0
DA:5,0
DA:7,0
DA:12,0
LF:5
LH:0
BRDA:5,0,0,0
BRDA:5,0,1,0
BRF:2
BRH:0
end_of_record
TN:
SF:d:\SOFTUNI\Repositories\JS Core\JS Fundamentals\01. JavaScript Syntax and Operators\Exercise\03. Fruit.js
FN:1,solve
FNF:1
FNH:0
FNDA:0,solve
DA:3,0
DA:4,0
DA:6,0
DA:9,0
DA:10,0
LF:5
LH:0
BRF:0
BRH:0
end_of_record
TN:
SF:d:\SOFTUNI\Repositories\JS Core\JS Fundamentals\01. JavaScript Syntax and Operators\Exercise\04. Fitness Rates.js
FN:1,solve
FNF:1
FNH:0
FNDA:0,solve
DA:3,0
DA:4,0
DA:6,0
DA:8,0
DA:10,0
DA:11,0
DA:13,0
DA:14,0
DA:16,0
DA:17,0
DA:23,0
DA:25,0
DA:27,0
DA:28,0
DA:30,0
DA:31,0
DA:33,0
DA:34,0
DA:37,0
DA:39,0
DA:41,0
DA:42,0
DA:44,0
DA:45,0
DA:47,0
DA:48,0
DA:54,0
LF:27
LH:0
BRDA:4,0,0,0
BRDA:4,0,1,0
BRDA:4,1,0,0
BRDA:4,1,1,0
BRDA:6,2,0,0
BRDA:6,2,1,0
BRDA:6,3,0,0
BRDA:6,3,1,0
BRDA:8,4,0,0
BRDA:8,4,1,0
BRDA:8,4,2,0
BRDA:23,5,0,0
BRDA:23,5,1,0
BRDA:23,6,0,0
BRDA:23,6,1,0
BRDA:25,7,0,0
BRDA:25,7,1,0
BRDA:25,7,2,0
BRDA:37,8,0,0
BRDA:37,8,1,0
BRDA:37,9,0,0
BRDA:37,9,1,0
BRDA:39,10,0,0
BRDA:39,10,1,0
BRDA:39,10,2,0
BRF:25
BRH:0
end_of_record
TN:
SF:d:\SOFTUNI\Repositories\JS Core\JS Fundamentals\01. JavaScript Syntax and Operators\Exercise\05. Greatest Common Divisor – GCD.js
FN:1,GCD
FNF:1
FNH:0
FNDA:0,GCD
DA:2,0
DA:3,0
DA:5,0
DA:6,0
DA:7,0
DA:8,0
DA:11,0
DA:14,0
LF:8
LH:0
BRF:0
BRH:0
end_of_record
TN:
SF:d:\SOFTUNI\Repositories\JS Core\JS Fundamentals\01. JavaScript Syntax and Operators\Exercise\06. Same Numbers.js
FN:1,solve
FNF:1
FNH:0
FNDA:0,solve
DA:3,0
DA:4,0
DA:6,0
DA:7,0
DA:9,0
DA:10,0
DA:13,0
DA:14,0
DA:15,0
DA:16,0
DA:18,0
DA:19,0
DA:22,0
DA:25,0
DA:26,0
DA:29,0
LF:16
LH:0
BRDA:18,0,0,0
BRDA:18,0,1,0
BRF:2
BRH:0
end_of_record
TN:
SF:d:\SOFTUNI\Repositories\JS Core\JS Fundamentals\01. JavaScript Syntax and Operators\Exercise\07. Time to Walk.js
FN:1,solve
FN:16,formatTheOutput
FNF:2
FNH:0
FNDA:0,solve
FNDA:0,formatTheOutput
DA:3,0
DA:4,0
DA:5,0
DA:6,0
DA:8,0
DA:10,0
DA:11,0
DA:12,0
DA:14,0
DA:17,0
DA:18,0
DA:20,0
DA:21,0
DA:23,0
DA:24,0
DA:26,0
DA:30,0
LF:17
LH:0
BRDA:17,0,0,0
BRDA:17,0,1,0
BRDA:20,1,0,0
BRDA:20,1,1,0
BRDA:23,2,0,0
BRDA:23,2,1,0
BRF:6
BRH:0
end_of_record
TN:
SF:d:\SOFTUNI\Repositories\JS Core\JS Fundamentals\01. JavaScript Syntax and Operators\Exercise\08. Flight Timetable.js
FN:1,solve
FNF:1
FNH:0
FNDA:0,solve
DA:3,0
DA:6,0
LF:2
LH:0
BRF:0
BRH:0
end_of_record
TN:
SF:d:\SOFTUNI\Repositories\JS Core\JS Fundamentals\01. JavaScript Syntax and Operators\Exercise\09. Calorie Object.js
FN:1,solve
FNF:1
FNH:0
FNDA:0,solve
DA:2,0
DA:3,0
DA:4,0
DA:6,0
DA:7,0
DA:10,0
DA:13,0
DA:14,0
DA:16,0
DA:19,0
LF:10
LH:0
BRDA:6,0,0,0
BRDA:6,0,1,0
BRF:2
BRH:0
end_of_record
TN:
SF:d:\SOFTUNI\Repositories\JS Core\JS Fundamentals\01. JavaScript Syntax and Operators\Exercise\10. Coffee Machine.js
FN:1,solve
FNF:1
FNH:0
FNDA:0,solve
DA:2,0
DA:3,0
DA:4,0
DA:6,0
DA:7,0
DA:8,0
DA:10,0
DA:12,0
DA:14,0
DA:15,0
DA:18,0
DA:20,0
DA:21,0
DA:22,0
DA:23,0
DA:24,0
DA:25,0
DA:29,0
DA:30,0
DA:31,0
DA:35,0
DA:36,0
DA:37,0
DA:38,0
DA:41,0
DA:42,0
DA:44,0
DA:46,0
DA:47,0
DA:48,0
DA:49,0
DA:50,0
DA:51,0
DA:52,0
DA:56,0
DA:57,0
DA:58,0
DA:62,0
DA:63,0
DA:64,0
DA:65,0
DA:68,0
DA:69,0
DA:71,0
DA:74,0
DA:78,0
LF:46
LH:0
BRDA:10,0,0,0
BRDA:10,0,1,0
BRDA:14,1,0,0
BRDA:14,1,1,0
BRDA:20,2,0,0
BRDA:20,2,1,0
BRDA:24,3,0,0
BRDA:24,3,1,0
BRDA:24,4,0,0
BRDA:24,4,1,0
BRDA:30,5,0,0
BRDA:30,5,1,0
BRDA:30,6,0,0
BRDA:30,6,1,0
BRDA:35,7,0,0
BRDA:35,7,1,0
BRDA:47,8,0,0
BRDA:47,8,1,0
BRDA:51,9,0,0
BRDA:51,9,1,0
BRDA:51,10,0,0
BRDA:51,10,1,0
BRDA:57,11,0,0
BRDA:57,11,1,0
BRDA:57,12,0,0
BRDA:57,12,1,0
BRDA:62,13,0,0
BRDA:62,13,1,0
BRF:28
BRH:0
end_of_record
TN:
SF:d:\SOFTUNI\Repositories\JS Core\JS Fundamentals\01. JavaScript Syntax and Operators\Lab\01. String Length.js
FN:1,solve
FNF:1
FNH:0
FNDA:0,solve
DA:4,0
DA:5,0
DA:6,0
DA:7,0
DA:8,0
DA:9,0
DA:10,0
DA:13,0
LF:8
LH:0
BRF:0
BRH:0
end_of_record
TN:
SF:d:\SOFTUNI\Repositories\JS Core\JS Fundamentals\01. JavaScript Syntax and Operators\Lab\02. Math Operations.js
FN:1,solve
FNF:1
FNH:0
FNDA:0,solve
DA:3,0
DA:5,0
DA:6,0
DA:8,0
DA:9,0
DA:11,0
DA:12,0
DA:14,0
DA:15,0
DA:17,0
DA:18,0
DA:20,0
DA:21,0
DA:23,0
DA:25,0
LF:15
LH:0
BRDA:3,0,0,0
BRDA:3,0,1,0
BRDA:3,0,2,0
BRDA:3,0,3,0
BRDA:3,0,4,0
BRDA:3,0,5,0
BRF:6
BRH:0
end_of_record
TN:
SF:d:\SOFTUNI\Repositories\JS Core\JS Fundamentals\01. JavaScript Syntax and Operators\Lab\03. Sum of Numbers N…M.js
FN:1,solve
FNF:1
FNH:0
FNDA:0,solve
DA:2,0
DA:3,0
DA:4,0
DA:5,0
DA:6,0
DA:8,0
DA:11,0
LF:7
LH:0
BRF:0
BRH:0
end_of_record
TN:
SF:d:\SOFTUNI\Repositories\JS Core\JS Fundamentals\01. JavaScript Syntax and Operators\Lab\04. Largest Number.js
FN:1,solve
FNF:1
FNH:0
FNDA:0,solve
DA:2,0
DA:3,0
DA:4,0
DA:7,0
DA:8,0
DA:9,0
DA:11,0
DA:12,0
DA:13,0
DA:15,0
DA:16,0
DA:17,0
DA:22,0
LF:13
LH:0
BRDA:7,0,0,0
BRDA:7,0,1,0
BRDA:7,1,0,0
BRDA:7,1,1,0
BRDA:11,2,0,0
BRDA:11,2,1,0
BRDA:11,3,0,0
BRDA:11,3,1,0
BRDA:15,4,0,0
BRDA:15,4,1,0
BRDA:15,5,0,0
BRDA:15,5,1,0
BRF:12
BRH:0
end_of_record
TN:
SF:d:\SOFTUNI\Repositories\JS Core\JS Fundamentals\01. JavaScript Syntax and Operators\Lab\05. Circle Area.js
FN:1,solve
FNF:1
FNH:0
FNDA:0,solve
DA:3,0
DA:5,0
DA:6,0
DA:10,0
DA:14,0
DA:15,0
LF:6
LH:0
BRDA:3,0,0,0
BRDA:3,0,1,0
BRF:2
BRH:0
end_of_record
TN:
SF:d:\SOFTUNI\Repositories\JS Core\JS Fundamentals\02. Document Object Model\Exercise\01. Cards\solution.js
FN:1,solve
FN:3,(anonymous_1)
FN:9,clickEvent
FNF:3
FNH:0
FNDA:0,solve
FNDA:0,(anonymous_1)
FNDA:0,clickEvent
DA:3,0
DA:5,0
DA:10,0
DA:11,0
DA:12,0
DA:14,0
DA:16,0
DA:18,0
DA:19,0
DA:21,0
DA:22,0
DA:23,0
DA:24,0
DA:27,0
DA:31,0
DA:32,0
DA:33,0
DA:35,0
DA:36,0
DA:38,0
DA:39,0
DA:41,0
DA:43,0
DA:44,0
LF:24
LH:0
BRDA:21,0,0,0
BRDA:21,0,1,0
BRDA:23,1,0,0
BRDA:23,1,1,0
BRDA:27,2,0,0
BRDA:27,2,1,0
BRDA:27,3,0,0
BRDA:27,3,1,0
BRDA:31,4,0,0
BRDA:31,4,1,0
BRF:10
BRH:0
end_of_record
TN:
SF:d:\SOFTUNI\Repositories\JS Core\JS Fundamentals\02. Document Object Model\Exercise\02. Chat-Room-with-Pesho\solution.js
FN:1,solve
FN:6,(anonymous_1)
FN:7,(anonymous_2)
FNF:3
FNH:0
FNDA:0,solve
FNDA:0,(anonymous_1)
FNDA:0,(anonymous_2)
DA:2,0
DA:4,0
DA:6,0
DA:7,0
DA:9,0
DA:10,0
DA:11,0
DA:13,0
DA:15,0
DA:16,0
DA:17,0
DA:18,0
DA:19,0
DA:20,0
DA:23,0
DA:24,0
DA:26,0
DA:28,0
DA:30,0
DA:31,0
LF:20
LH:0
BRDA:15,0,0,0
BRDA:15,0,1,0
BRDA:18,1,0,0
BRDA:18,1,1,0
BRDA:26,2,0,0
BRDA:26,2,1,0
BRF:6
BRH:0
end_of_record
TN:
SF:d:\SOFTUNI\Repositories\JS Core\JS Fundamentals\02. Document Object Model\Exercise\03. Encode-and-Decode-Messages\solution.js
FN:1,solve
FN:9,encode
FN:15,(anonymous_2)
FN:25,decode
FN:30,(anonymous_4)
FNF:5
FNH:0
FNDA:0,solve
FNDA:0,encode
FNDA:0,(anonymous_2)
FNDA:0,decode
FNDA:0,(anonymous_4)
DA:3,0
DA:4,0
DA:6,0
DA:7,0
DA:11,0
DA:13,0
DA:15,0
DA:16,0
DA:18,0
DA:21,0
DA:22,0
DA:26,0
DA:28,0
DA:30,0
DA:31,0
DA:33,0
DA:36,0
LF:17
LH:0
BRF:0
BRH:0
end_of_record
TN:
SF:d:\SOFTUNI\Repositories\JS Core\JS Fundamentals\02. Document Object Model\Exercise\04. Locked-Profile\solution.js
FN:1,solve
FN:2,(anonymous_1)
FN:6,clickEvent
FNF:3
FNH:0
FNDA:0,solve
FNDA:0,(anonymous_1)
FNDA:0,clickEvent
DA:2,0
DA:3,0
DA:7,0
DA:8,0
DA:9,0
DA:11,0
DA:12,0
DA:14,0
DA:15,0
DA:16,0
DA:17,0
DA:19,0
DA:20,0
LF:13
LH:0
BRDA:11,0,0,0
BRDA:11,0,1,0
BRDA:15,1,0,0
BRDA:15,1,1,0
BRF:4
BRH:0
end_of_record
TN:
SF:d:\SOFTUNI\Repositories\JS Core\JS Fundamentals\02. Document Object Model\Exercise\05. Number-Convertor\solution.js
FN:1,solve
FN:19,clickEvent
FNF:2
FNH:0
FNDA:0,solve
FNDA:0,clickEvent
DA:2,0
DA:4,0
DA:5,0
DA:6,0
DA:8,0
DA:9,0
DA:10,0
DA:12,0
DA:13,0
DA:15,0
DA:17,0
DA:20,0
DA:21,0
DA:23,0
DA:24,0
DA:25,0
DA:26,0
DA:27,0
DA:28,0
DA:29,0
DA:30,0
LF:21
LH:0
BRDA:23,0,0,0
BRDA:23,0,1,0
BRDA:27,1,0,0
BRDA:27,1,1,0
BRF:4
BRH:0
end_of_record
TN:
SF:d:\SOFTUNI\Repositories\JS Core\JS Fundamentals\02. Document Object Model\Exercise\06. SoftUni-Quizz\solution.js
FN:1,solve
FN:11,clickEvent
FNF:2
FNH:0
FNDA:0,solve
FNDA:0,clickEvent
DA:2,0
DA:3,0
DA:4,0
DA:6,0
DA:7,0
DA:9,0
DA:12,0
DA:13,0
DA:15,0
DA:16,0
DA:17,0
DA:19,0
DA:20,0
DA:21,0
DA:23,0
DA:24,0
DA:25,0
DA:27,0
DA:28,0
DA:29,0
DA:33,0
DA:34,0
DA:36,0
DA:37,0
DA:38,0
DA:40,0
LF:26
LH:0
BRDA:16,0,0,0
BRDA:16,0,1,0
BRDA:19,1,0,0
BRDA:19,1,1,0
BRDA:20,2,0,0
BRDA:20,2,1,0
BRDA:23,3,0,0
BRDA:23,3,1,0
BRDA:24,4,0,0
BRDA:24,4,1,0
BRDA:27,5,0,0
BRDA:27,5,1,0
BRDA:28,6,0,0
BRDA:28,6,1,0
BRDA:33,7,0,0
BRDA:33,7,1,0
BRDA:37,8,0,0
BRDA:37,8,1,0
BRF:18
BRH:0
end_of_record
TN:
SF:d:\SOFTUNI\Repositories\JS Core\JS Fundamentals\02. Document Object Model\Exercise\07. Table-Search-Engine\solution.js
FN:1,solve
FN:5,clickEvent
FNF:2
FNH:0
FNDA:0,solve
FNDA:0,clickEvent
DA:2,0
DA:3,0
DA:6,0
DA:8,0
DA:9,0
DA:10,0
DA:13,0
DA:14,0
DA:15,0
DA:17,0
DA:18,0
DA:19,0
DA:20,0
DA:21,0
DA:22,0
LF:15
LH:0
BRDA:21,0,0,0
BRDA:21,0,1,0
BRF:2
BRH:0
end_of_record
TN:
SF:d:\SOFTUNI\Repositories\JS Core\JS Fundamentals\02. Document Object Model\Exercise\08. Toto-Numbers\solution.js
FN:1,solve
FN:5,clickEvent
FNF:2
FNH:0
FNDA:0,solve
FNDA:0,clickEvent
DA:2,0
DA:3,0
DA:6,0
DA:7,0
DA:8,0
DA:9,0
DA:10,0
DA:11,0
DA:12,0
DA:13,0
DA:14,0
DA:15,0
DA:18,0
DA:19,0
DA:23,0
DA:26,0
DA:27,0
DA:28,0
DA:29,0
DA:31,0
DA:32,0
DA:33,0
DA:34,0
DA:35,0
DA:36,0
DA:38,0
LF:26
LH:0
BRDA:9,0,0,0
BRDA:9,0,1,0
BRDA:12,1,0,0
BRDA:12,1,1,0
BRDA:13,2,0,0
BRDA:13,2,1,0
BRDA:13,3,0,0
BRDA:13,3,1,0
BRDA:26,4,0,0
BRDA:26,4,1,0
BRDA:35,5,0,0
BRDA:35,5,1,0
BRF:12
BRH:0
end_of_record
TN:
SF:d:\SOFTUNI\Repositories\JS Core\JS Fundamentals\02. Document Object Model\Exercise\09. Virus-Installer\solution.js
FN:1,solve
FN:9,nextClickEvent
FN:21,(anonymous_2)
FN:36,cancelClickEvent
FNF:4
FNH:0
FNDA:0,solve
FNDA:0,nextClickEvent
FNDA:0,(anonymous_2)
FNDA:0,cancelClickEvent
DA:2,0
DA:3,0
DA:4,0
DA:5,0
DA:6,0
DA:7,0
DA:10,0
DA:11,0
DA:12,0
DA:13,0
DA:14,0
DA:15,0
DA:16,0
DA:17,0
DA:18,0
DA:19,0
DA:20,0
DA:21,0
DA:22,0
DA:25,0
DA:28,0
DA:29,0
DA:30,0
DA:31,0
DA:33,0
DA:37,0
DA:38,0
LF:27
LH:0
BRDA:10,0,0,0
BRDA:10,0,1,0
BRDA:15,1,0,0
BRDA:15,1,1,0
BRDA:17,2,0,0
BRDA:17,2,1,0
BRF:6
BRH:0
end_of_record
TN:
SF:d:\SOFTUNI\Repositories\JS Core\JS Fundamentals\02. Document Object Model\Lab\01. Articles-List\solution.js
FN:1,solve
FNF:1
FNH:0
FNDA:0,solve
DA:2,0
DA:3,0
DA:5,0
DA:6,0
DA:8,0
DA:9,0
DA:10,0
DA:12,0
DA:13,0
DA:15,0
DA:16,0
DA:17,0
DA:19,0
DA:20,0
DA:22,0
DA:23,0
LF:16
LH:0
BRDA:8,0,0,0
BRDA:8,0,1,0
BRDA:8,1,0,0
BRDA:8,1,1,0
BRF:4
BRH:0
end_of_record
TN:
SF:d:\SOFTUNI\Repositories\JS Core\JS Fundamentals\02. Document Object Model\Lab\02. Format-the-Text\solution.js
FN:1,solve
FN:6,(anonymous_1)
FNF:2
FNH:0
FNDA:0,solve
FNDA:0,(anonymous_1)
DA:2,0
DA:6,0
DA:8,0
DA:9,0
DA:10,0
DA:12,0
DA:14,0
DA:16,0
DA:18,0
DA:19,0
DA:20,0
DA:21,0
DA:22,0
DA:25,0
DA:26,0
DA:27,0
DA:28,0
DA:29,0
DA:30,0
DA:31,0
DA:33,0
DA:34,0
DA:35,0
DA:36,0
DA:37,0
DA:38,0
LF:26
LH:0
BRDA:6,0,0,0
BRDA:6,0,1,0
BRDA:16,1,0,0
BRDA:16,1,1,0
BRDA:25,2,0,0
BRDA:25,2,1,0
BRDA:26,3,0,0
BRDA:26,3,1,0
BRDA:33,4,0,0
BRDA:33,4,1,0
BRDA:33,5,0,0
BRDA:33,5,1,0
BRF:12
BRH:0
end_of_record
TN:
SF:d:\SOFTUNI\Repositories\JS Core\JS Fundamentals\02. Document Object Model\Lab\03. Growing-Word\solution.js
FN:1,solve
FN:4,(anonymous_1)
FNF:2
FNH:0
FNDA:0,solve
FNDA:0,(anonymous_1)
DA:3,0
DA:4,0
DA:5,0
DA:7,0
DA:8,0
DA:10,0
DA:11,0
DA:13,0
DA:14,0
DA:17,0
DA:19,0
LF:11
LH:0
BRDA:7,0,0,0
BRDA:7,0,1,0
BRDA:10,1,0,0
BRDA:10,1,1,0
BRDA:13,2,0,0
BRDA:13,2,1,0
BRF:6
BRH:0
end_of_record
TN:
SF:d:\SOFTUNI\Repositories\JS Core\JS Fundamentals\02. Document Object Model\Lab\04. Register-Notification\solution.js
FN:1,register
FN:29,clear
FNF:2
FNH:0
FNDA:0,register
FNDA:0,clear
DA:2,0
DA:3,0
DA:4,0
DA:6,0
DA:7,0
DA:8,0
DA:10,0
DA:12,0
DA:13,0
DA:14,0
DA:15,0
DA:16,0
DA:18,0
DA:19,0
DA:20,0
DA:21,0
DA:22,0
DA:23,0
DA:24,0
DA:27,0
DA:30,0
LF:21
LH:0
BRDA:10,0,0,0
BRDA:10,0,1,0
BRDA:10,1,0,0
BRDA:10,1,1,0
BRDA:10,1,2,0
BRF:5
BRH:0
end_of_record
TN:
SF:d:\SOFTUNI\Repositories\JS Core\JS Fundamentals\03. Functions and Logic Flow\01_Leap-Year\solution.js
FN:1,leapYear
FN:7,check
FNF:2
FNH:0
FNDA:0,leapYear
FNDA:0,check
DA:3,0
DA:5,0
DA:9,0
DA:11,0
DA:13,0
DA:14,0
DA:16,0
DA:18,0
DA:19,0
DA:20,0
DA:22,0
DA:23,0
DA:26,0
LF:13
LH:0
BRDA:16,0,0,0
BRDA:16,0,1,0
BRDA:18,1,0,0
BRDA:18,1,1,0
BRF:4
BRH:0
end_of_record
TN:
SF:d:\SOFTUNI\Repositories\JS Core\JS Fundamentals\03. Functions and Logic Flow\02_Simple-Number-Validator\solution.js
FN:1,validate
FN:9,check
FN:14,checkRemainder
FNF:3
FNH:0
FNDA:0,validate
FNDA:0,check
FNDA:0,checkRemainder
DA:3,0
DA:5,0
DA:7,0
DA:11,0
DA:12,0
DA:16,0
DA:18,0
DA:20,0
DA:22,0
DA:25,0
DA:27,0
DA:29,0
DA:31,0
DA:33,0
DA:35,0
DA:36,0
DA:39,0
DA:40,0
DA:43,0
DA:47,0
LF:20
LH:0
BRDA:29,0,0,0
BRDA:29,0,1,0
BRDA:35,1,0,0
BRDA:35,1,1,0
BRDA:39,2,0,0
BRDA:39,2,1,0
BRF:6
BRH:0
end_of_record
TN:
SF:d:\SOFTUNI\Repositories\JS Core\JS Fundamentals\03. Functions and Logic Flow\03_EGN-Validator\solution.js
FN:1,validate
FN:12,getEgn
FN:35,getControlDigit
FN:47,addZeroToNumber
FNF:4
FNH:0
FNDA:0,validate
FNDA:0,getEgn
FNDA:0,getControlDigit
FNDA:0,addZeroToNumber
DA:2,0
DA:3,0
DA:4,0
DA:5,0
DA:6,0
DA:7,0
DA:8,0
DA:10,0
DA:13,0
DA:14,0
DA:15,0
DA:16,0
DA:17,0
DA:18,0
DA:20,0
DA:21,0
DA:22,0
DA:24,0
DA:26,0
DA:27,0
DA:28,0
DA:29,0
DA:30,0
DA:31,0
DA:36,0
DA:37,0
DA:39,0
DA:40,0
DA:43,0
DA:44,0
DA:48,0
DA:49,0
DA:52,0
LF:33
LH:0
BRDA:17,0,0,0
BRDA:17,0,1,0
BRDA:20,1,0,0
BRDA:20,1,1,0
BRDA:20,2,0,0
BRDA:20,2,1,0
BRDA:20,2,2,0
BRDA:20,2,3,0
BRDA:43,3,0,0
BRDA:43,3,1,0
BRDA:48,4,0,0
BRDA:48,4,1,0
BRF:12
BRH:0
end_of_record
TN:
SF:d:\SOFTUNI\Repositories\JS Core\JS Fundamentals\03. Functions and Logic Flow\04_Cooking-Numbers\solution.js
FN:1,solve
FN:5,(anonymous_1)
FN:6,(anonymous_2)
FN:36,chop
FN:40,dice
FN:44,spice
FN:48,bake
FN:52,fillet
FNF:8
FNH:0
FNDA:0,solve
FNDA:0,(anonymous_1)
FNDA:0,(anonymous_2)
FNDA:0,chop
FNDA:0,dice
FNDA:0,spice
FNDA:0,bake
FNDA:0,fillet
DA:2,0
DA:3,0
DA:5,0
DA:6,0
DA:7,0
DA:9,0
DA:10,0
DA:12,0
DA:15,0
DA:17,0
DA:18,0
DA:20,0
DA:21,0
DA:23,0
DA:24,0
DA:26,0
DA:27,0
DA:29,0
DA:30,0
DA:32,0
DA:37,0
DA:41,0
DA:45,0
DA:49,0
DA:53,0
LF:25
LH:0
BRDA:9,0,0,0
BRDA:9,0,1,0
BRDA:10,1,0,0
BRDA:10,1,1,0
BRDA:15,2,0,0
BRDA:15,2,1,0
BRDA:15,2,2,0
BRDA:15,2,3,0
BRDA:15,2,4,0
BRF:9
BRH:0
end_of_record
TN:
SF:d:\SOFTUNI\Repositories\JS Core\JS Fundamentals\03. Functions and Logic Flow\05_Cards-Generator\solution.js
FN:1,solve
FN:9,clickEvent
FN:32,getSuit
FN:40,getCards
FNF:4
FNH:0
FNDA:0,solve
FNDA:0,clickEvent
FNDA:0,getSuit
FNDA:0,getCards
DA:2,0
DA:3,0
DA:4,0
DA:5,0
DA:6,0
DA:7,0
DA:10,0
DA:11,0
DA:12,0
DA:14,0
DA:15,0
DA:16,0
DA:18,0
DA:19,0
DA:20,0
DA:21,0
DA:22,0
DA:23,0
DA:25,0
DA:26,0
DA:27,0
DA:28,0
DA:33,0
DA:34,0
DA:35,0
DA:41,0
DA:42,0
DA:43,0
DA:44,0
DA:46,0
DA:47,0
DA:50,0
LF:32
LH:0
BRDA:34,0,0,0
BRDA:34,0,1,0
BRF:2
BRH:0
end_of_record
TN:
SF:d:\SOFTUNI\Repositories\JS Core\JS Fundamentals\03. Functions and Logic Flow\06_Greatest-Common-Divisor\solution.js
FN:1,greatestCD
FN:8,findGCD
FNF:2
FNH:0
FNDA:0,greatestCD
FNDA:0,findGCD
DA:2,0
DA:3,0
DA:5,0
DA:6,0
DA:9,0
DA:10,0
DA:11,0
DA:12,0
DA:15,0
LF:9
LH:0
BRF:0
BRH:0
end_of_record
TN:
SF:d:\SOFTUNI\Repositories\JS Core\JS Fundamentals\03. Functions and Logic Flow\07_Binary-Search\solution.js
FN:1,binarySearch
FN:5,(anonymous_1)
FNF:2
FNH:0
FNDA:0,binarySearch
FNDA:0,(anonymous_1)
DA:2,0
DA:3,0
DA:5,0
DA:6,0
DA:7,0
DA:8,0
DA:10,0
LF:7
LH:0
BRDA:7,0,0,0
BRDA:7,0,1,0
BRF:2
BRH:0
end_of_record
TN:
SF:d:\SOFTUNI\Repositories\JS Core\JS Fundamentals\03. Functions and Logic Flow\08_Hailstone-Sequence\solution.js
FN:1,getNext
FNF:1
FNH:0
FNDA:0,getNext
DA:2,0
DA:3,0
DA:5,0
DA:6,0
DA:7,0
DA:8,0
DA:10,0
DA:11,0
DA:15,0
LF:9
LH:0
BRDA:6,0,0,0
BRDA:6,0,1,0
BRF:2
BRH:0
end_of_record
TN:
SF:d:\SOFTUNI\Repositories\JS Core\JS Fundamentals\03. Functions and Logic Flow\10_Factors\solution.js
FN:1,solve
FNF:1
FNH:0
FNDA:0,solve
DA:2,0
DA:3,0
DA:5,0
DA:6,0
DA:7,0
DA:11,0
LF:6
LH:0
BRDA:6,0,0,0
BRDA:6,0,1,0
BRF:2
BRH:0
end_of_record
TN:
SF:d:\SOFTUNI\Repositories\JS Core\JS Fundamentals\04. Arrays and Matrices\Exercise\01. Print an Array with a given Delimiter\solve.js
FN:1,main
FNF:1
FNH:0
FNDA:0,main
DA:3,0
DA:5,0
DA:7,0
DA:9,0
DA:10,0
DA:11,0
DA:13,0
DA:17,0
DA:20,0
LF:9
LH:0
BRDA:10,0,0,0
BRDA:10,0,1,0
BRF:2
BRH:0
end_of_record
TN:
SF:d:\SOFTUNI\Repositories\JS Core\JS Fundamentals\04. Arrays and Matrices\Exercise\02. Print every N-th Element from an Array\solve.js
FN:1,main
FNF:1
FNH:0
FNDA:0,main
DA:3,0
DA:5,0
DA:7,0
DA:9,0
LF:4
LH:0
BRF:0
BRH:0
end_of_record
TN:
SF:d:\SOFTUNI\Repositories\JS Core\JS Fundamentals\04. Arrays and Matrices\Exercise\03. Add and Remove Elements from an Array\solve.js
FN:1,main
FNF:1
FNH:0
FNDA:0,main
DA:3,0
DA:4,0
DA:6,0
DA:7,0
DA:8,0
DA:10,0
DA:12,0
DA:13,0
DA:14,0
DA:17,0
DA:20,0
DA:22,0
DA:25,0
DA:27,0
DA:29,0
DA:31,0
DA:35,0
DA:36,0
DA:37,0
DA:41,0
LF:20
LH:0
BRDA:12,0,0,0
BRDA:12,0,1,0
BRDA:17,1,0,0
BRDA:17,1,1,0
BRDA:17,1,2,0
BRDA:35,2,0,0
BRDA:35,2,1,0
BRF:7
BRH:0
end_of_record
TN:
SF:d:\SOFTUNI\Repositories\JS Core\JS Fundamentals\04. Arrays and Matrices\Exercise\04. Rotate Array\solve.js
FN:1,main
FNF:1
FNH:0
FNDA:0,main
DA:2,0
DA:3,0
DA:6,0
DA:7,0
DA:8,0
DA:11,0
DA:14,0
DA:20,0
LF:8
LH:0
BRF:0
BRH:0
end_of_record
TN:
SF:d:\SOFTUNI\Repositories\JS Core\JS Fundamentals\04. Arrays and Matrices\Exercise\05. Extract a Non-decreasing Subsequence from an Array\solve.js
FN:1,solve
FNF:1
FNH:0
FNDA:0,solve
DA:2,0
DA:4,0
DA:5,0
DA:6,0
DA:7,0
DA:9,0
DA:10,0
DA:14,0
DA:17,0
LF:9
LH:0
BRDA:6,0,0,0
BRDA:6,0,1,0
BRDA:9,1,0,0
BRDA:9,1,1,0
BRF:4
BRH:0
end_of_record
TN:
SF:d:\SOFTUNI\Repositories\JS Core\JS Fundamentals\04. Arrays and Matrices\Exercise\06. Sort an Array by 2 Criteria\solve.js
FN:1,solve
FN:2,(anonymous_1)
FN:6,sortByLength
FN:10,sortByName
FNF:4
FNH:0
FNDA:0,solve
FNDA:0,(anonymous_1)
FNDA:0,sortByLength
FNDA:0,sortByName
DA:2,0
DA:4,0
DA:7,0
DA:11,0
LF:4
LH:0
BRDA:7,0,0,0
BRDA:7,0,1,0
BRF:2
BRH:0
end_of_record
TN:
SF:d:\SOFTUNI\Repositories\JS Core\JS Fundamentals\04. Arrays and Matrices\Exercise\07. Magic Matrices\solve.js
FN:1,solve
FNF:1
FNH:0
FNDA:0,solve
DA:2,0
DA:4,0
DA:6,0
DA:7,0
DA:8,0
DA:10,0
DA:11,0
DA:13,0
DA:14,0
DA:15,0
DA:16,0
DA:20,0
DA:21,0
DA:22,0
DA:23,0
DA:24,0
DA:27,0
DA:28,0
DA:32,0
DA:34,0
DA:39,0
DA:44,0
LF:22
LH:0
BRDA:13,0,0,0
BRDA:13,0,1,0
BRDA:15,1,0,0
BRDA:15,1,1,0
BRDA:27,2,0,0
BRDA:27,2,1,0
BRF:6
BRH:0
end_of_record
TN:
SF:d:\SOFTUNI\Repositories\JS Core\JS Fundamentals\05. Strings and RegEx\01. Binary-Decoding\solution.js
FN:1,solve
FN:12,(anonymous_1)
FN:13,(anonymous_2)
FN:14,(anonymous_3)
FN:21,sumNumbers
FN:27,(anonymous_5)
FN:36,binaryToString
FNF:7
FNH:0
FNDA:0,solve
FNDA:0,(anonymous_1)
FNDA:0,(anonymous_2)
FNDA:0,(anonymous_3)
FNDA:0,sumNumbers
FNDA:0,(anonymous_5)
FNDA:0,binaryToString
DA:2,0
DA:3,0
DA:5,0
DA:6,0
DA:8,0
DA:10,0
DA:12,0
DA:13,0
DA:14,0
DA:18,0
DA:22,0
DA:24,0
DA:25,0
DA:27,0
DA:30,0
DA:33,0
DA:37,0
DA:38,0
LF:18
LH:0
BRF:0
BRH:0
end_of_record
TN:
SF:d:\SOFTUNI\Repositories\JS Core\JS Fundamentals\05. Strings and RegEx\02. Expedition-Problems\solution.js
FN:1,solve
FNF:1
FNH:0
FNDA:0,solve
DA:3,0
DA:4,0
DA:5,0
DA:7,0
DA:8,0
DA:9,0
DA:10,0
DA:12,0
DA:13,0
DA:14,0
DA:16,0
DA:19,0
DA:21,0
DA:22,0
DA:24,0
DA:25,0
DA:27,0
DA:28,0
DA:30,0
DA:31,0
DA:33,0
DA:34,0
DA:35,0
LF:23
LH:0
BRDA:13,0,0,0
BRDA:13,0,1,0
BRF:2
BRH:0
end_of_record
TN:
SF:d:\SOFTUNI\Repositories\JS Core\JS Fundamentals\05. Strings and RegEx\03. James-Bond\solution.js
FN:1,solve
FN:27,decodeMessageFunc
FNF:2
FNH:0
FNDA:0,solve
FNDA:0,decodeMessageFunc
DA:2,0
DA:3,0
DA:5,0
DA:7,0
DA:8,0
DA:9,0
DA:10,0
DA:11,0
DA:12,0
DA:13,0
DA:14,0
DA:16,0
DA:17,0
DA:18,0
DA:19,0
DA:22,0
DA:23,0
DA:24,0
DA:28,0
DA:29,0
DA:32,0
DA:33,0
DA:36,0
DA:37,0
DA:40,0
DA:41,0
DA:44,0
LF:27
LH:0
BRDA:12,0,0,0
BRDA:12,0,1,0
BRF:2
BRH:0
end_of_record
TN:
SF:d:\SOFTUNI\Repositories\JS Core\JS Fundamentals\05. Strings and RegEx\04. Airport-Check\solution.js
FN:1,solve
FNF:1
FNH:0
FNDA:0,solve
DA:3,0
DA:4,0
DA:6,0
DA:8,0
DA:9,0
DA:11,0
DA:12,0
DA:13,0
DA:14,0
DA:16,0
DA:17,0
DA:19,0
DA:20,0
DA:22,0
DA:24,0
DA:25,0
DA:26,0
DA:27,0
DA:29,0
DA:30,0
DA:31,0
DA:33,0
DA:36,0
DA:37,0
DA:38,0
DA:39,0
DA:40,0
DA:42,0
LF:28
LH:0
BRDA:19,0,0,0
BRDA:19,0,1,0
BRDA:19,1,0,0
BRDA:19,1,1,0
BRDA:24,2,0,0
BRDA:24,2,1,0
BRDA:24,3,0,0
BRDA:24,3,1,0
BRDA:24,3,2,0
BRDA:30,4,0,0
BRDA:30,4,1,0
BRDA:30,5,0,0
BRDA:30,5,1,0
BRF:13
BRH:0
end_of_record
TN:
SF:d:\SOFTUNI\Repositories\JS Core\JS Fundamentals\06. Objects and JSON DOM Events\01.Shopping-Cart\solution.js
FN:1,solve
FN:11,(anonymous_1)
FN:24,(anonymous_2)
FN:26,(anonymous_3)
FN:26,(anonymous_4)
FN:33,(anonymous_5)
FN:33,(anonymous_6)
FNF:7
FNH:0
FNDA:0,solve
FNDA:0,(anonymous_1)
FNDA:0,(anonymous_2)
FNDA:0,(anonymous_3)
FNDA:0,(anonymous_4)
FNDA:0,(anonymous_5)
FNDA:0,(anonymous_6)
DA:3,0
DA:5,0
DA:7,0
DA:8,0
DA:9,0
DA:11,0
DA:13,0
DA:19,0
DA:20,0
DA:24,0
DA:26,0
DA:28,0
DA:29,0
DA:33,0
DA:34,0
DA:35,0
LF:16
LH:0
BRDA:28,0,0,0
BRDA:28,0,1,0
BRF:2
BRH:0
end_of_record
TN:
SF:d:\SOFTUNI\Repositories\JS Core\JS Fundamentals\06. Objects and JSON DOM Events\02.Furniture\solution.js
FN:4,solve
FN:7,(anonymous_1)
FN:35,(anonymous_2)
FN:59,(anonymous_3)
FNF:4
FNH:0
FNDA:0,solve
FNDA:0,(anonymous_1)
FNDA:0,(anonymous_2)
FNDA:0,(anonymous_3)
DA:5,0
DA:7,0
DA:9,0
DA:11,0
DA:12,0
DA:13,0
DA:14,0
DA:15,0
DA:16,0
DA:17,0
DA:18,0
DA:19,0
DA:20,0
DA:21,0
DA:22,0
DA:23,0
DA:25,0
DA:26,0
DA:27,0
DA:28,0
DA:29,0
DA:31,0
DA:35,0
DA:36,0
DA:37,0
DA:38,0
DA:40,0
DA:42,0
DA:43,0
DA:45,0
DA:46,0
DA:47,0
DA:48,0
DA:49,0
DA:50,0
DA:51,0
DA:52,0
DA:56,0
DA:58,0
DA:59,0
LF:40
LH:0
BRDA:46,0,0,0
BRDA:46,0,1,0
BRF:2
BRH:0
end_of_record
TN:
SF:d:\SOFTUNI\Repositories\JS Core\JS Fundamentals\06. Objects and JSON DOM Events\03.Forum\solution.js
FN:1,solve
FN:5,(anonymous_1)
FN:34,(anonymous_2)
FN:41,(anonymous_3)
FN:45,(anonymous_4)
FNF:5
FNH:0
FNDA:0,solve
FNDA:0,(anonymous_1)
FNDA:0,(anonymous_2)
FNDA:0,(anonymous_3)
FNDA:0,(anonymous_4)
DA:3,0
DA:5,0
DA:6,0
DA:8,0
DA:9,0
DA:11,0
DA:12,0
DA:13,0
DA:14,0
DA:15,0
DA:19,0
DA:20,0
DA:21,0
DA:22,0
DA:23,0
DA:24,0
DA:25,0
DA:27,0
DA:28,0
DA:29,0
DA:31,0
DA:34,0
DA:35,0
DA:37,0
DA:39,0
DA:41,0
DA:42,0
DA:45,0
DA:46,0
DA:47,0
LF:30
LH:0
BRDA:14,0,0,0
BRDA:14,0,1,0
BRDA:46,1,0,0
BRDA:46,1,1,0
BRF:4
BRH:0
end_of_record
TN:
SF:d:\SOFTUNI\Repositories\JS Core\JS Fundamentals\06. Objects and JSON DOM Events\04.Salesman\solution.js
FN:1,solve
FN:13,load
FN:40,buy
FN:58,endDay
FNF:4
FNH:0
FNDA:0,solve
FNDA:0,load
FNDA:0,buy
FNDA:0,endDay
DA:2,0
DA:3,0
DA:5,0
DA:7,0
DA:9,0
DA:11,0
DA:15,0
DA:16,0
DA:18,0
DA:20,0
DA:21,0
DA:28,0
DA:36,0
DA:42,0
DA:43,0
DA:45,0
DA:47,0
DA:48,0
DA:50,0
DA:52,0
DA:54,0
DA:59,0
DA:60,0
DA:62,0
DA:63,0
DA:64,0
LF:26
LH:0
BRDA:20,0,0,0
BRDA:20,0,1,0
BRDA:45,1,0,0
BRDA:45,1,1,0
BRDA:45,2,0,0
BRDA:45,2,1,0
BRF:6
BRH:0
end_of_record
TN:
SF:d:\SOFTUNI\Repositories\JS Core\JS Fundamentals\07. ExamPrep\01. Stadium\solution.js
FN:1,solve
FN:27,(anonymous_1)
FN:31,clickEvent
FN:56,summaryClick
FNF:4
FNH:0
FNDA:0,solve
FNDA:0,(anonymous_1)
FNDA:0,clickEvent
FNDA:0,summaryClick
DA:2,0
DA:24,0
DA:25,0
DA:27,0
DA:28,0
DA:33,0
DA:34,0
DA:35,0
DA:37,0
DA:39,0
DA:41,0
DA:42,0
DA:44,0
DA:47,0
DA:52,0
DA:53,0
DA:54,0
DA:58,0
LF:18
LH:0
BRDA:37,0,0,0
BRDA:37,0,1,0
BRF:2
BRH:0
end_of_record
TN:
SF:d:\SOFTUNI\Repositories\JS Core\JS Fundamentals\07. ExamPrep\02. Crossword\solution.js
FN:1,solve
FN:11,filter
FN:41,sort
FN:60,sortString
FN:65,sortReverseString
FN:72,rotate
FN:81,rotateElements
FN:94,get
FNF:8
FNH:0
FNDA:0,solve
FNDA:0,filter
FNDA:0,sort
FNDA:0,sortString
FNDA:0,sortReverseString
FNDA:0,rotate
FNDA:0,rotateElements
FNDA:0,get
DA:3,0
DA:4,0
DA:6,0
DA:7,0
DA:8,0
DA:9,0
DA:12,0
DA:13,0
DA:14,0
DA:16,0
DA:18,0
DA:19,0
DA:21,0
DA:22,0
DA:23,0
DA:25,0
DA:26,0
DA:28,0
DA:29,0
DA:30,0
DA:32,0
DA:33,0
DA:35,0
DA:36,0
DA:37,0
DA:42,0
DA:43,0
DA:44,0
DA:46,0
DA:48,0
DA:50,0
DA:51,0
DA:52,0
DA:54,0
DA:56,0
DA:57,0
DA:58,0
DA:61,0
DA:62,0
DA:63,0
DA:66,0
DA:67,0
DA:68,0
DA:74,0
DA:75,0
DA:76,0
DA:78,0
DA:79,0
DA:82,0
DA:84,0
DA:85,0
DA:86,0
DA:88,0
DA:89,0
DA:95,0
DA:96,0
DA:98,0
DA:99,0
DA:100,0
LF:59
LH:0
BRDA:16,0,0,0
BRDA:16,0,1,0
BRDA:16,0,2,0
BRDA:46,1,0,0
BRDA:46,1,1,0
BRF:5
BRH:0
end_of_record
TN:
SF:d:\SOFTUNI\Repositories\JS Core\JS Fundamentals\07. ExamPrep\03. Extractor\solution.js
FN:1,solve
FN:7,(anonymous_1)
FN:17,(anonymous_2)
FNF:3
FNH:0
FNDA:0,solve
FNDA:0,(anonymous_1)
FNDA:0,(anonymous_2)
DA:2,0
DA:3,0
DA:5,0
DA:7,0
DA:9,0
DA:10,0
DA:11,0
DA:13,0
DA:14,0
DA:16,0
DA:17,0
DA:19,0
DA:20,0
DA:22,0
DA:23,0
DA:26,0
DA:27,0
LF:17
LH:0
BRF:0
BRH:0
end_of_record
TN:
SF:d:\SOFTUNI\Repositories\JS Core\JS Fundamentals\07. ExamPrep\04. Trucks\solution.js
FN:1,solve
FN:15,addNewTruck
FN:30,addNewTire
FN:40,goToWork
FN:70,endOfShift
FN:71,(anonymous_5)
FN:71,(anonymous_6)
FN:78,areTiresGoodEnough
FN:87,(anonymous_8)
FN:91,(anonymous_9)
FN:99,createElement
FNF:11
FNH:0
FNDA:0,solve
FNDA:0,addNewTruck
FNDA:0,addNewTire
FNDA:0,goToWork
FNDA:0,endOfShift
FNDA:0,(anonymous_5)
FNDA:0,(anonymous_6)
FNDA:0,areTiresGoodEnough
FNDA:0,(anonymous_8)
FNDA:0,(anonymous_9)
FNDA:0,createElement
DA:2,0
DA:3,0
DA:4,0
DA:6,0
DA:7,0
DA:8,0
DA:9,0
DA:11,0
DA:16,0
DA:17,0
DA:19,0
DA:20,0
DA:24,0
DA:25,0
DA:26,0
DA:31,0
DA:33,0
DA:35,0
DA:36,0
DA:37,0
DA:41,0
DA:42,0
DA:44,0
DA:45,0
DA:47,0
DA:48,0
DA:49,0
DA:50,0
DA:51,0
DA:53,0
DA:55,0
DA:56,0
DA:57,0
DA:58,0
DA:61,0
DA:63,0
DA:65,0
DA:71,0
DA:72,0
DA:75,0
DA:80,0
DA:82,0
DA:87,0
DA:88,0
DA:91,0
DA:92,0
DA:95,0
DA:100,0
DA:102,0
DA:104,0
DA:106,0
LF:51
LH:0
BRDA:19,0,0,0
BRDA:19,0,1,0
BRDA:44,1,0,0
BRDA:44,1,1,0
BRDA:47,2,0,0
BRDA:47,2,1,0
BRDA:50,3,0,0
BRDA:50,3,1,0
BRDA:55,4,0,0
BRDA:55,4,1,0
BRDA:91,5,0,0
BRDA:91,5,1,0
BRF:12
BRH:0
end_of_record
TN:
SF:d:\SOFTUNI\Repositories\JS Core\JS Fundamentals\Exam\Helper.js
FN:1,getParentNodeByTagName
FN:9,createElement
FN:19,sortString
FN:25,sortReverseString
FN:31,rotateElements
FNF:5
FNH:0
FNDA:0,getParentNodeByTagName
FNDA:0,createElement
FNDA:0,sortString
FNDA:0,sortReverseString
FNDA:0,rotateElements
DA:2,0
DA:3,0
DA:6,0
DA:10,0
DA:12,0
DA:14,0
DA:16,0
DA:20,0
DA:21,0
DA:22,0
DA:26,0
DA:27,0
DA:28,0
DA:32,0
DA:34,0
DA:35,0
DA:36,0
DA:38,0
DA:39,0
LF:19
LH:0
BRDA:2,0,0,0
BRDA:2,0,1,0
BRF:2
BRH:0
end_of_record
TN:
SF:d:\SOFTUNI\Repositories\JS Core\JS Fundamentals\Exam\01.\solution.js
FN:1,solve
FNF:1
FNH:0
FNDA:0,solve
DA:3,0
DA:4,0
DA:5,0
DA:6,0
DA:7,0
DA:9,0
DA:10,0
DA:13,0
DA:14,0
DA:15,0
DA:16,0
DA:18,0
DA:19,0
DA:21,0
DA:22,0
DA:26,0
DA:27,0
DA:28,0
DA:30,0
DA:31,0
DA:33,0
DA:34,0
DA:38,0
DA:42,0
LF:24
LH:0
BRDA:9,0,0,0
BRDA:9,0,1,0
BRDA:13,1,0,0
BRDA:13,1,1,0
BRDA:18,2,0,0
BRDA:18,2,1,0
BRDA:21,3,0,0
BRDA:21,3,1,0
BRDA:30,4,0,0
BRDA:30,4,1,0
BRDA:33,5,0,0
BRDA:33,5,1,0
BRF:12
BRH:0
end_of_record
TN:
SF:d:\SOFTUNI\Repositories\JS Core\JS Fundamentals\Exam\02.\solution.js
FN:1,solve
FNF:1
FNH:0
FNDA:0,solve
DA:2,0
DA:3,0
DA:4,0
DA:7,0
DA:10,0
DA:13,0
DA:16,0
DA:19,0
DA:23,0
DA:26,0
LF:10
LH:0
BRDA:7,0,0,0
BRDA:7,0,1,0
BRDA:7,0,2,0
BRDA:7,0,3,0
BRF:4
BRH:0
end_of_record
TN:
SF:d:\SOFTUNI\Repositories\JS Core\JS Fundamentals\Exam\03.\solution.js
FN:1,solve
FNF:1
FNH:0
FNDA:0,solve
LF:0
LH:0
BRF:0
BRH:0
end_of_record
TN:
SF:d:\SOFTUNI\Repositories\JS Core\JS Fundamentals\Exam\04.\solution.js
FN:1,solve
FN:3,(anonymous_1)
FNF:2
FNH:0
FNDA:0,solve
FNDA:0,(anonymous_1)
DA:3,0
DA:4,0
DA:10,0
DA:14,0
LF:4
LH:0
BRDA:4,0,0,0
BRDA:4,0,1,0
BRDA:4,0,2,0
BRDA:4,0,3,0
BRF:4
BRH:0
end_of_record
